<?xml version="1.0" encoding="UTF-8"?>
<!-- Generated by org.testng.reporters.JUnitXMLReporter -->
<testsuite hostname="nboss-MacBook-Pro.local" name="Smoke Scripts" tests="1" failures="1" timestamp="24 Dec 2016 02:46:57 GMT" time="113.425" errors="0">
  <testcase name="skipSignTest" time="20.944" classname="testscripts.AmazonTest">
    <failure type="org.openqa.selenium.NoSuchElementException" message="An element could not be located on the page using the given search parameters. (WARNING: The server did not provide any stacktrace information)
Command duration or timeout: 10.50 seconds
For documentation on this error, please visit: http://seleniumhq.org/exceptions/no_such_element.html
Build info: version: &amp;apos;2.53.1&amp;apos;, revision: &amp;apos;a36b8b1cd5757287168e54b817830adce9b0158d&amp;apos;, time: &amp;apos;2016-06-30 19:26:09&amp;apos;
System info: host: &amp;apos;nboss-MacBook-Pro.local&amp;apos;, ip: &amp;apos;192.168.2.3&amp;apos;, os.name: &amp;apos;Mac OS X&amp;apos;, os.arch: &amp;apos;x86_64&amp;apos;, os.version: &amp;apos;10.12&amp;apos;, java.version: &amp;apos;1.8.0_102&amp;apos;
Driver info: io.appium.java_client.android.AndroidDriver
Capabilities [{appPackage=io.selendroid.testapp, noReset=true, webdriver.remote.quietExceptions=true, deviceName=emulator-5554, platform=LINUX, deviceUDID=emulator-5554, desired={app=/tmp/tmpwXvwjU/selendroid-test-app-0.17.0 (1).apk, proxy={proxyAutoconfigUrl=http://127.0.0.1:19876/pac.js, proxyType=PAC}, orientation=PORTRAIT, noReset=true, newCommandTimeout=0, platformVersion=5.1, webdriver.remote.quietExceptions=true, udid=emulator-5554, platformName=Android, deviceName=Android Emulator}, newCommandTimeout=0, platformVersion=5.1, webStorageEnabled=false, takesScreenshot=true, javascriptEnabled=true, platformName=Android, udid=emulator-5554, app=/tmp/tmpwXvwjU/selendroid-test-app-0.17.0 (1).apk, orientation=PORTRAIT, networkConnectionEnabled=true, warnings={}, appWaitPackage=io.selendroid.testapp, appWaitActivity=io.selendroid.testapp.HomeScreenActivity, hasMetadata=true, databaseEnabled=false, appActivity=io.selendroid.testapp.HomeScreenActivity, proxy={proxyAutoconfigUrl=http://127.0.0.1:19876/pac.js, proxyType=PAC}, webdriver.remote.sessionid=6964e226d32241dbb02ebd2fe1667fd7, locationContextEnabled=false}]
Session ID: 6964e226d32241dbb02ebd2fe1667fd7
*** Element info: {Using=id, value=skip_sign_in_button}">
      <![CDATA[org.openqa.selenium.NoSuchElementException: An element could not be located on the page using the given search parameters. (WARNING: The server did not provide any stacktrace information)
Command duration or timeout: 10.50 seconds
For documentation on this error, please visit: http://seleniumhq.org/exceptions/no_such_element.html
Build info: version: '2.53.1', revision: 'a36b8b1cd5757287168e54b817830adce9b0158d', time: '2016-06-30 19:26:09'
System info: host: 'nboss-MacBook-Pro.local', ip: '192.168.2.3', os.name: 'Mac OS X', os.arch: 'x86_64', os.version: '10.12', java.version: '1.8.0_102'
Driver info: io.appium.java_client.android.AndroidDriver
Capabilities [{appPackage=io.selendroid.testapp, noReset=true, webdriver.remote.quietExceptions=true, deviceName=emulator-5554, platform=LINUX, deviceUDID=emulator-5554, desired={app=/tmp/tmpwXvwjU/selendroid-test-app-0.17.0 (1).apk, proxy={proxyAutoconfigUrl=http://127.0.0.1:19876/pac.js, proxyType=PAC}, orientation=PORTRAIT, noReset=true, newCommandTimeout=0, platformVersion=5.1, webdriver.remote.quietExceptions=true, udid=emulator-5554, platformName=Android, deviceName=Android Emulator}, newCommandTimeout=0, platformVersion=5.1, webStorageEnabled=false, takesScreenshot=true, javascriptEnabled=true, platformName=Android, udid=emulator-5554, app=/tmp/tmpwXvwjU/selendroid-test-app-0.17.0 (1).apk, orientation=PORTRAIT, networkConnectionEnabled=true, warnings={}, appWaitPackage=io.selendroid.testapp, appWaitActivity=io.selendroid.testapp.HomeScreenActivity, hasMetadata=true, databaseEnabled=false, appActivity=io.selendroid.testapp.HomeScreenActivity, proxy={proxyAutoconfigUrl=http://127.0.0.1:19876/pac.js, proxyType=PAC}, webdriver.remote.sessionid=6964e226d32241dbb02ebd2fe1667fd7, locationContextEnabled=false}]
Session ID: 6964e226d32241dbb02ebd2fe1667fd7
*** Element info: {Using=id, value=skip_sign_in_button}
	at org.openqa.selenium.remote.ErrorHandler.createThrowable(ErrorHandler.java:206)
	at org.openqa.selenium.remote.ErrorHandler.throwIfResponseFailed(ErrorHandler.java:158)
	at org.openqa.selenium.remote.RemoteWebDriver.execute(RemoteWebDriver.java:678)
	at io.appium.java_client.DefaultGenericMobileDriver.execute(DefaultGenericMobileDriver.java:40)
	at io.appium.java_client.AppiumDriver.execute(AppiumDriver.java:1)
	at io.appium.java_client.android.AndroidDriver.execute(AndroidDriver.java:1)
	at org.openqa.selenium.remote.RemoteWebDriver.findElement(RemoteWebDriver.java:363)
	at io.appium.java_client.DefaultGenericMobileDriver.findElement(DefaultGenericMobileDriver.java:56)
	at io.appium.java_client.AppiumDriver.findElement(AppiumDriver.java:1)
	at io.appium.java_client.android.AndroidDriver.findElement(AndroidDriver.java:1)
	at org.openqa.selenium.remote.RemoteWebDriver.findElementById(RemoteWebDriver.java:413)
	at io.appium.java_client.DefaultGenericMobileDriver.findElementById(DefaultGenericMobileDriver.java:64)
	at io.appium.java_client.AppiumDriver.findElementById(AppiumDriver.java:1)
	at io.appium.java_client.android.AndroidDriver.findElementById(AndroidDriver.java:1)
	at org.openqa.selenium.By$ById.findElement(By.java:218)
	at org.openqa.selenium.remote.RemoteWebDriver.findElement(RemoteWebDriver.java:355)
	at io.appium.java_client.DefaultGenericMobileDriver.findElement(DefaultGenericMobileDriver.java:52)
	at io.appium.java_client.AppiumDriver.findElement(AppiumDriver.java:1)
	at io.appium.java_client.android.AndroidDriver.findElement(AndroidDriver.java:1)
	at org.openqa.selenium.support.pagefactory.DefaultElementLocator.findElement(DefaultElementLocator.java:69)
	at org.openqa.selenium.support.pagefactory.internal.LocatingElementHandler.invoke(LocatingElementHandler.java:38)
	at com.sun.proxy.$Proxy7.click(Unknown Source)
	at pages.BasePage.click(BasePage.java:25)
	at pages.SignInPage.clickOnSkipSignIn(SignInPage.java:27)
	at testscripts.AmazonTest.skipSignTest(AmazonTest.java:28)
... Removed 29 stack frames]]>
    </failure>
  </testcase> <!-- skipSignTest -->
</testsuite> <!-- Smoke Scripts -->
